
<html>
  <head>
    <title>Lab 04 - Graded Solution</title>
  </head>
  <body>
    <h1>Lab 04 - Graded Solution</h1>
    <p><b>You scored 0% = 0.0 points for this lab.</b></p>
    <ul>
      <li><b>Testing subscript-based acess</b>
      <ul>
      <li>Grade Percentage: 15</li>
      <li>Your solution failed this test case! taking 0.249 sec</Li>
<li><pre>IndentationError: unindent does not match any outer indentation level (<tested-program>, line 324)</pre></li>
<li><pre>Traceback (most recent call last):
  File "/Users/lord_pretzel/.pyenv/versions/3.9.0/lib/python3.9/site-packages/grader-0.0.1-py3.9.egg/grader/execution_base.py", line 60, in call_test_function
    test_function(
  File "/Users/lord_pretzel/.pyenv/versions/3.9.0/lib/python3.9/site-packages/grader-0.0.1-py3.9.egg/grader/core.py", line 47, in wrapper
    raise module.caughtException
  File "/Users/lord_pretzel/.pyenv/versions/3.9.0/lib/python3.9/site-packages/grader-0.0.1-py3.9.egg/grader/program_container.py", line 38, in run
    self._exec_code()
  File "/Users/lord_pretzel/.pyenv/versions/3.9.0/lib/python3.9/site-packages/grader-0.0.1-py3.9.egg/grader/program_container.py", line 53, in _exec_code
    code = compile(source, "<tested-program>", "exec", dont_inherit=True)
  File "<tested-program>", line 324
    for i in range(self.len):
                             ^
IndentationError: unindent does not match any outer indentation level
</pre></li>
      </ul>
      </li>
      <li><b>test stringification</b>
      <ul>
      <li>Grade Percentage: 10</li>
      <li>Your solution failed this test case! taking 0.265 sec</Li>
<li><pre>IndentationError: unindent does not match any outer indentation level (<tested-program>, line 324)</pre></li>
<li><pre>Traceback (most recent call last):
  File "/Users/lord_pretzel/.pyenv/versions/3.9.0/lib/python3.9/site-packages/grader-0.0.1-py3.9.egg/grader/execution_base.py", line 60, in call_test_function
    test_function(
  File "/Users/lord_pretzel/.pyenv/versions/3.9.0/lib/python3.9/site-packages/grader-0.0.1-py3.9.egg/grader/core.py", line 47, in wrapper
    raise module.caughtException
  File "/Users/lord_pretzel/.pyenv/versions/3.9.0/lib/python3.9/site-packages/grader-0.0.1-py3.9.egg/grader/program_container.py", line 38, in run
    self._exec_code()
  File "/Users/lord_pretzel/.pyenv/versions/3.9.0/lib/python3.9/site-packages/grader-0.0.1-py3.9.egg/grader/program_container.py", line 53, in _exec_code
    code = compile(source, "<tested-program>", "exec", dont_inherit=True)
  File "<tested-program>", line 324
    for i in range(self.len):
                             ^
IndentationError: unindent does not match any outer indentation level
</pre></li>
      </ul>
      </li>
      <li><b>testing single-element manipulation</b>
      <ul>
      <li>Grade Percentage: 15</li>
      <li>Your solution failed this test case! taking 0.262 sec</Li>
<li><pre>IndentationError: unindent does not match any outer indentation level (<tested-program>, line 324)</pre></li>
<li><pre>Traceback (most recent call last):
  File "/Users/lord_pretzel/.pyenv/versions/3.9.0/lib/python3.9/site-packages/grader-0.0.1-py3.9.egg/grader/execution_base.py", line 60, in call_test_function
    test_function(
  File "/Users/lord_pretzel/.pyenv/versions/3.9.0/lib/python3.9/site-packages/grader-0.0.1-py3.9.egg/grader/core.py", line 47, in wrapper
    raise module.caughtException
  File "/Users/lord_pretzel/.pyenv/versions/3.9.0/lib/python3.9/site-packages/grader-0.0.1-py3.9.egg/grader/program_container.py", line 38, in run
    self._exec_code()
  File "/Users/lord_pretzel/.pyenv/versions/3.9.0/lib/python3.9/site-packages/grader-0.0.1-py3.9.egg/grader/program_container.py", line 53, in _exec_code
    code = compile(source, "<tested-program>", "exec", dont_inherit=True)
  File "<tested-program>", line 324
    for i in range(self.len):
                             ^
IndentationError: unindent does not match any outer indentation level
</pre></li>
      </ul>
      </li>
      <li><b>testing predicates</b>
      <ul>
      <li>Grade Percentage: 15</li>
      <li>Your solution failed this test case! taking 0.254 sec</Li>
<li><pre>IndentationError: unindent does not match any outer indentation level (<tested-program>, line 324)</pre></li>
<li><pre>Traceback (most recent call last):
  File "/Users/lord_pretzel/.pyenv/versions/3.9.0/lib/python3.9/site-packages/grader-0.0.1-py3.9.egg/grader/execution_base.py", line 60, in call_test_function
    test_function(
  File "/Users/lord_pretzel/.pyenv/versions/3.9.0/lib/python3.9/site-packages/grader-0.0.1-py3.9.egg/grader/core.py", line 47, in wrapper
    raise module.caughtException
  File "/Users/lord_pretzel/.pyenv/versions/3.9.0/lib/python3.9/site-packages/grader-0.0.1-py3.9.egg/grader/program_container.py", line 38, in run
    self._exec_code()
  File "/Users/lord_pretzel/.pyenv/versions/3.9.0/lib/python3.9/site-packages/grader-0.0.1-py3.9.egg/grader/program_container.py", line 53, in _exec_code
    code = compile(source, "<tested-program>", "exec", dont_inherit=True)
  File "<tested-program>", line 324
    for i in range(self.len):
                             ^
IndentationError: unindent does not match any outer indentation level
</pre></li>
      </ul>
      </li>
      <li><b>testing queries</b>
      <ul>
      <li>Grade Percentage: 15</li>
      <li>Your solution failed this test case! taking 0.241 sec</Li>
<li><pre>IndentationError: unindent does not match any outer indentation level (<tested-program>, line 324)</pre></li>
<li><pre>Traceback (most recent call last):
  File "/Users/lord_pretzel/.pyenv/versions/3.9.0/lib/python3.9/site-packages/grader-0.0.1-py3.9.egg/grader/execution_base.py", line 60, in call_test_function
    test_function(
  File "/Users/lord_pretzel/.pyenv/versions/3.9.0/lib/python3.9/site-packages/grader-0.0.1-py3.9.egg/grader/core.py", line 47, in wrapper
    raise module.caughtException
  File "/Users/lord_pretzel/.pyenv/versions/3.9.0/lib/python3.9/site-packages/grader-0.0.1-py3.9.egg/grader/program_container.py", line 38, in run
    self._exec_code()
  File "/Users/lord_pretzel/.pyenv/versions/3.9.0/lib/python3.9/site-packages/grader-0.0.1-py3.9.egg/grader/program_container.py", line 53, in _exec_code
    code = compile(source, "<tested-program>", "exec", dont_inherit=True)
  File "<tested-program>", line 324
    for i in range(self.len):
                             ^
IndentationError: unindent does not match any outer indentation level
</pre></li>
      </ul>
      </li>
      <li><b>testing bulk operations</b>
      <ul>
      <li>Grade Percentage: 15</li>
      <li>Your solution failed this test case! taking 0.251 sec</Li>
<li><pre>IndentationError: unindent does not match any outer indentation level (<tested-program>, line 324)</pre></li>
<li><pre>Traceback (most recent call last):
  File "/Users/lord_pretzel/.pyenv/versions/3.9.0/lib/python3.9/site-packages/grader-0.0.1-py3.9.egg/grader/execution_base.py", line 60, in call_test_function
    test_function(
  File "/Users/lord_pretzel/.pyenv/versions/3.9.0/lib/python3.9/site-packages/grader-0.0.1-py3.9.egg/grader/core.py", line 47, in wrapper
    raise module.caughtException
  File "/Users/lord_pretzel/.pyenv/versions/3.9.0/lib/python3.9/site-packages/grader-0.0.1-py3.9.egg/grader/program_container.py", line 38, in run
    self._exec_code()
  File "/Users/lord_pretzel/.pyenv/versions/3.9.0/lib/python3.9/site-packages/grader-0.0.1-py3.9.egg/grader/program_container.py", line 53, in _exec_code
    code = compile(source, "<tested-program>", "exec", dont_inherit=True)
  File "<tested-program>", line 324
    for i in range(self.len):
                             ^
IndentationError: unindent does not match any outer indentation level
</pre></li>
      </ul>
      </li>
      <li><b>testing iteration</b>
      <ul>
      <li>Grade Percentage: 15</li>
      <li>Your solution failed this test case! taking 0.276 sec</Li>
<li><pre>IndentationError: unindent does not match any outer indentation level (<tested-program>, line 324)</pre></li>
<li><pre>Traceback (most recent call last):
  File "/Users/lord_pretzel/.pyenv/versions/3.9.0/lib/python3.9/site-packages/grader-0.0.1-py3.9.egg/grader/execution_base.py", line 60, in call_test_function
    test_function(
  File "/Users/lord_pretzel/.pyenv/versions/3.9.0/lib/python3.9/site-packages/grader-0.0.1-py3.9.egg/grader/core.py", line 47, in wrapper
    raise module.caughtException
  File "/Users/lord_pretzel/.pyenv/versions/3.9.0/lib/python3.9/site-packages/grader-0.0.1-py3.9.egg/grader/program_container.py", line 38, in run
    self._exec_code()
  File "/Users/lord_pretzel/.pyenv/versions/3.9.0/lib/python3.9/site-packages/grader-0.0.1-py3.9.egg/grader/program_container.py", line 53, in _exec_code
    code = compile(source, "<tested-program>", "exec", dont_inherit=True)
  File "<tested-program>", line 324
    for i in range(self.len):
                             ^
IndentationError: unindent does not match any outer indentation level
</pre></li>
      </ul>
      </li>
    </ul>
  </body>
</html>
