
<html>
  <head>
    <title>Lab 01 - Graded Solution</title>
  </head>
  <body>
    <h1>Lab 01 - Graded Solution</h1>
    <p><b>You scored 0% = 0.0 points for this lab.</b></p>
    <ul>
      <li><b>Testing whether numbers are correctly identified as perfect</b>
      <ul>
      <li>Grade Percentage: 20</li>
      <li>Your solution failed this test case! taking 0.088 sec</Li>
<li><pre>TabError: inconsistent use of tabs and spaces in indentation (<tested-program>, line 26)</pre></li>
<li><pre>Traceback (most recent call last):
  File "/Users/lord_pretzel/.pyenv/versions/3.9.0/lib/python3.9/site-packages/grader-0.0.1-py3.9.egg/grader/execution_base.py", line 60, in call_test_function
    test_function(
  File "/Users/lord_pretzel/.pyenv/versions/3.9.0/lib/python3.9/site-packages/grader-0.0.1-py3.9.egg/grader/core.py", line 47, in wrapper
    raise module.caughtException
  File "/Users/lord_pretzel/.pyenv/versions/3.9.0/lib/python3.9/site-packages/grader-0.0.1-py3.9.egg/grader/program_container.py", line 38, in run
    self._exec_code()
  File "/Users/lord_pretzel/.pyenv/versions/3.9.0/lib/python3.9/site-packages/grader-0.0.1-py3.9.egg/grader/program_container.py", line 53, in _exec_code
    code = compile(source, "<tested-program>", "exec", dont_inherit=True)
  File "<tested-program>", line 26
TabError: inconsistent use of tabs and spaces in indentation
</pre></li>
      </ul>
      </li>
      <li><b>Compute sums of multiples of 5</b>
      <ul>
      <li>Grade Percentage: 20</li>
      <li>Your solution failed this test case! taking 0.072 sec</Li>
<li><pre>TabError: inconsistent use of tabs and spaces in indentation (<tested-program>, line 26)</pre></li>
<li><pre>Traceback (most recent call last):
  File "/Users/lord_pretzel/.pyenv/versions/3.9.0/lib/python3.9/site-packages/grader-0.0.1-py3.9.egg/grader/execution_base.py", line 60, in call_test_function
    test_function(
  File "/Users/lord_pretzel/.pyenv/versions/3.9.0/lib/python3.9/site-packages/grader-0.0.1-py3.9.egg/grader/core.py", line 47, in wrapper
    raise module.caughtException
  File "/Users/lord_pretzel/.pyenv/versions/3.9.0/lib/python3.9/site-packages/grader-0.0.1-py3.9.egg/grader/program_container.py", line 38, in run
    self._exec_code()
  File "/Users/lord_pretzel/.pyenv/versions/3.9.0/lib/python3.9/site-packages/grader-0.0.1-py3.9.egg/grader/program_container.py", line 53, in _exec_code
    code = compile(source, "<tested-program>", "exec", dont_inherit=True)
  File "<tested-program>", line 26
TabError: inconsistent use of tabs and spaces in indentation
</pre></li>
      </ul>
      </li>
      <li><b>Number of right triangles</b>
      <ul>
      <li>Grade Percentage: 30</li>
      <li>Your solution failed this test case! taking 0.067 sec</Li>
<li><pre>TabError: inconsistent use of tabs and spaces in indentation (<tested-program>, line 26)</pre></li>
<li><pre>Traceback (most recent call last):
  File "/Users/lord_pretzel/.pyenv/versions/3.9.0/lib/python3.9/site-packages/grader-0.0.1-py3.9.egg/grader/execution_base.py", line 60, in call_test_function
    test_function(
  File "/Users/lord_pretzel/.pyenv/versions/3.9.0/lib/python3.9/site-packages/grader-0.0.1-py3.9.egg/grader/core.py", line 47, in wrapper
    raise module.caughtException
  File "/Users/lord_pretzel/.pyenv/versions/3.9.0/lib/python3.9/site-packages/grader-0.0.1-py3.9.egg/grader/program_container.py", line 38, in run
    self._exec_code()
  File "/Users/lord_pretzel/.pyenv/versions/3.9.0/lib/python3.9/site-packages/grader-0.0.1-py3.9.egg/grader/program_container.py", line 53, in _exec_code
    code = compile(source, "<tested-program>", "exec", dont_inherit=True)
  File "<tested-program>", line 26
TabError: inconsistent use of tabs and spaces in indentation
</pre></li>
      </ul>
      </li>
      <li><b>Check outputs of gen_pattern</b>
      <ul>
      <li>Grade Percentage: 30</li>
      <li>Your solution failed this test case! taking 0.066 sec</Li>
<li><pre>TabError: inconsistent use of tabs and spaces in indentation (<tested-program>, line 26)</pre></li>
<li><pre>Traceback (most recent call last):
  File "/Users/lord_pretzel/.pyenv/versions/3.9.0/lib/python3.9/site-packages/grader-0.0.1-py3.9.egg/grader/execution_base.py", line 60, in call_test_function
    test_function(
  File "/Users/lord_pretzel/.pyenv/versions/3.9.0/lib/python3.9/site-packages/grader-0.0.1-py3.9.egg/grader/core.py", line 47, in wrapper
    raise module.caughtException
  File "/Users/lord_pretzel/.pyenv/versions/3.9.0/lib/python3.9/site-packages/grader-0.0.1-py3.9.egg/grader/program_container.py", line 38, in run
    self._exec_code()
  File "/Users/lord_pretzel/.pyenv/versions/3.9.0/lib/python3.9/site-packages/grader-0.0.1-py3.9.egg/grader/program_container.py", line 53, in _exec_code
    code = compile(source, "<tested-program>", "exec", dont_inherit=True)
  File "<tested-program>", line 26
TabError: inconsistent use of tabs and spaces in indentation
</pre></li>
      </ul>
      </li>
    </ul>
  </body>
</html>
